 
****************************************
Report : area
Design : vending_top
Version: X-2025.06-SP2
Date   : Wed Jul  8 22:33:38 2026
****************************************

Information: Updating design information... (UID-85)
Library(s) Used:

    saed32rvt_tt1p05v25c (File: /Tools/PDK/SAED32/EDK_Digital/lib/stdcell_rvt/db_nldm/saed32rvt_tt1p05v25c.db)

Number of ports:                          136
Number of nets:                           324
Number of cells:                          221
Number of combinational cells:            177
Number of sequential cells:                39
Number of macros/black boxes:               0
Number of buf/inv:                         49
Number of references:                      11

Combinational area:                411.459140
Buf/Inv area:                       63.536000
Noncombinational area:             277.525253
Macro/Black Box area:                0.000000
Net Interconnect area:             129.208861

Total cell area:                   688.984393
Total area:                        818.193253
1
