Command: /home/luis.coutinho/Downloads/vending_machine/rtl/../sim/simv -l ../sim/sim.log
Chronologic VCS simulator copyright 1991-2025
Contains Synopsys proprietary information.
Compiler version X-2025.06-SP2_Full64; Runtime version X-2025.06-SP2_Full64;  Jul  9 09:05 2026
[PASS] Cenario 1: dispense = 1
[PASS] Cenario 1: troco = 75
[PASS] Cenario 1: credito = 0 ao final
[PASS] Cenario 2: ERROR = 1
[PASS] Cenario 2: FSM em ERROR
[PASS] Cenario 3: cancel troco = 200
[PASS] Cenario 3: credito = 0 apos cancelamento
[PASS] Cenario 3: FSM retorna a IDLE
[PASS] Cenario 4: ERROR estoque vazio = 1
[PASS] Cenario 4: FSM em ERROR (sem estoque)
Todos os cenarios foram validados!
$finish called from file "../sim/tb_vending.sv", line 165.
$finish at simulation time               795000
           V C S   S i m u l a t i o n   R e p o r t 
Time: 795000 ps
CPU Time:      0.380 seconds;       Data structure size:   0.0Mb
Thu Jul  9 09:05:21 2026
